impl=neon iters=30000000
  PADDB   : 0.643 ns/iter
  PSUBB   : 0.782 ns/iter
  PADDUSB : 1.013 ns/iter
  PADDSW  : 0.977 ns/iter
  PMULLW  : 0.996 ns/iter
  PMULH   : 2.125 ns/iter
  PACKSSWB: 1.685 ns/iter
  PACKUSWB: 1.601 ns/iter
  PSHUFB  : 0.624 ns/iter
impl=scalar iters=30000000
  PADDB   : 0.663 ns/iter
  PSUBB   : 0.321 ns/iter
  PADDUSB : 0.339 ns/iter
  PADDSW  : 0.334 ns/iter
  PMULLW  : 1.436 ns/iter
  PMULH   : 1.031 ns/iter
  PACKSSWB: 4.895 ns/iter
  PACKUSWB: 9.978 ns/iter
  PSHUFB  : 0.327 ns/iter
comparison (primary/baseline)
  PADDB   : 0.97
  PSUBB   : 2.43
  PADDUSB : 2.98
  PADDSW  : 2.93
  PMULLW  : 0.69
  PMULH   : 2.06
  PACKSSWB: 0.34
  PACKUSWB: 0.16
  PSHUFB  : 1.91

Cache Metrics: Not available (microbenchmarks don't run dynarec code)
